<?xml version="1.0" encoding="UTF-8"?>
<!-- Generated by org.testng.reporters.JUnitXMLReporter -->
<testsuite ignored="0" hostname="DESKTOP-9K5991T" failures="0" tests="8" name="Free CRM App Test Cases Practice_01" time="81.473" errors="0" timestamp="2024-10-24T14:18:03 IST">
  <testcase classname="com.qa.testcases.LoginPageTest" name="loginPageTitleTest" time="0.01"/>
  <testcase classname="com.qa.testcases.LoginPageTest" name="loginTest" time="2.507"/>
  <testcase classname="com.qa.testcases.HomePageTest" name="testusername" time="2.216"/>
  <testcase classname="com.qa.testcases.HomePageTest" name="contactLinkTest" time="2.347"/>
  <testcase classname="com.qa.testcases.ContactsPageTest" name="testContactLabel" time="0.047"/>
  <testcase classname="com.qa.testcases.ContactsPageTest" name="validateCreateNewContact" time="3.947"/>
  <testcase classname="com.qa.testcases.ContactsPageTest" name="validateCreateNewContact" time="5.065"/>
  <testcase classname="com.qa.testcases.ContactsPageTest" name="validateCreateNewContact" time="3.856"/>
</testsuite> <!-- Free CRM App Test Cases Practice_01 -->
