<?xml version="1.0" encoding="UTF-8"?>
<!-- Generated by org.testng.reporters.JUnitXMLReporter -->
<testsuite ignored="0" hostname="DESKTOP-9K5991T" failures="0" tests="8" name="Free CRM App Test Cases Practice" time="117.922" errors="0" timestamp="2024-10-24T18:35:23 IST">
  <testcase classname="com.qa.testcases.LoginPageTest" name="loginPageTitleTest" time="0.034"/>
  <testcase classname="com.qa.testcases.LoginPageTest" name="loginTest" time="3.42"/>
  <testcase classname="com.qa.testcases.HomePageTest" name="testusername" time="2.806"/>
  <testcase classname="com.qa.testcases.HomePageTest" name="contactLinkTest" time="3.394"/>
  <testcase classname="com.qa.testcases.ContactsPageTest" name="testContactLabel" time="0.092"/>
  <testcase classname="com.qa.testcases.ContactsPageTest" name="validateCreateNewContact" time="4.966"/>
  <testcase classname="com.qa.testcases.ContactsPageTest" name="validateCreateNewContact" time="5.812"/>
  <testcase classname="com.qa.testcases.ContactsPageTest" name="validateCreateNewContact" time="4.811"/>
</testsuite> <!-- Free CRM App Test Cases Practice -->
